C:\USERS\16PTEWARI\DESKTOP\8 QUEENS\8 QUEENS\DEBUG\8QUEENS.OBJ
C:\USERS\16PTEWARI\DESKTOP\8 QUEENS\8 QUEENS\DEBUG\VC110.PDB
C:\USERS\16PTEWARI\DESKTOP\8 QUEENS\DEBUG\8 QUEENS.ILK
C:\USERS\16PTEWARI\DESKTOP\8 QUEENS\DEBUG\8 QUEENS.EXE
C:\USERS\16PTEWARI\DESKTOP\8 QUEENS\DEBUG\8 QUEENS.PDB
C:\Users\16PTewari\Desktop\8 Queens\8 Queens\Debug\8Queens.obj
C:\Users\16PTewari\Desktop\8 Queens\8 Queens\Debug\cl.command.1.tlog
C:\Users\16PTewari\Desktop\8 Queens\8 Queens\Debug\CL.read.1.tlog
C:\Users\16PTewari\Desktop\8 Queens\8 Queens\Debug\CL.write.1.tlog
C:\Users\16PTewari\Desktop\8 Queens\8 Queens\Debug\link-cvtres.read.1.tlog
C:\Users\16PTewari\Desktop\8 Queens\8 Queens\Debug\link-cvtres.write.1.tlog
C:\Users\16PTewari\Desktop\8 Queens\8 Queens\Debug\link-rc.read.1.tlog
C:\Users\16PTewari\Desktop\8 Queens\8 Queens\Debug\link-rc.write.1.tlog
C:\Users\16PTewari\Desktop\8 Queens\8 Queens\Debug\link.command.1.tlog
C:\Users\16PTewari\Desktop\8 Queens\8 Queens\Debug\link.read.1.tlog
C:\Users\16PTewari\Desktop\8 Queens\8 Queens\Debug\link.write.1.tlog
C:\Users\16PTewari\Desktop\8 Queens\8 Queens\Debug\vc110.idb
C:\Users\16PTewari\Desktop\8 Queens\8 Queens\Debug\vc110.pdb
C:\Users\16PTewari\Desktop\8 Queens\Debug\8 Queens.pdb
C:\Users\16PTewari\Desktop\8 Queens\Debug\8 Queens.exe
C:\Users\16PTewari\Desktop\8 Queens\Debug\8 Queens.ilk
